✅ Input accepted
🔥 TOP CHARACTER CANDIDATES: ['ELIAS', 'FINN', 'CEDRIC', 'THAT', 'WREN']
🧩 CHARACTER STATS: {
  "ELIAS": {
    "dialogue_count": 168,
    "action_count": 185,
    "first_seen": 8
  },
  "FINN": {
    "dialogue_count": 93,
    "action_count": 96,
    "first_seen": 112
  },
  "CEDRIC": {
    "dialogue_count": 48,
    "action_count": 110,
    "first_seen": 41
  },
  "THAT": {
    "dialogue_count": 0,
    "action_count": 40,
    "first_seen": 87
  },
  "WREN": {
    "dialogue_count": 15,
    "action_count": 13,
    "first_seen": 299
  }
}
🎬 Title: Court Jester
🔥 Characters: ['ELIAS', 'FINN', 'CEDRIC', 'THAT', 'WREN']
🎯 Protagonist: ELIAS
🌍 World: feature / fantasy satire comedy
🎭 Tone: playful, witty, satirical, adventurous
🧠 Story Engine: Elias stumbles into a role far bigger than expected, and each attempt to survive the absurd rules of the kingdom only pulls the chaos closer.
⚔️ Core Conflict: Elias must navigate ridiculous power structures, inflated egos, and escalating chaos without losing the part of themselves that makes them dangerous.
🔄 Reversal: The truth behind the situation is different from what the protagonist first assumes.
🧾 Logline: When ELIAS is pulled into a tense situation he does not fully understand, he must navigate mounting pressure before everything collapses.
📚 Synopsis: As pressure mounts around ELIAS, incomplete information and rising tension force increasingly risky choices. What first appears to be one kind of threat gradually reveals itself to be something more complicated, pushing the story toward a reversal that challenges the protagonist's assumptions.
🖼️ IMAGE PLAN SAMPLE: [
  {
    "slide_number": 1,
    "slide_title": "Title",
    "image_query": "grounded dramatic environment playful witty satirical establishing cinematic world",
    "image_tags": [
      "grounded",
      "dramatic",
      "environment",
      "playful",
      "witty",
      "satirical",
      "establishing",
      "cinematic",
      "world"
    ]
  },
  {
    "slide_number": 2,
    "slide_title": "Logline",
    "image_query": "grounded dramatic environment playful witty satirical wide establishing mood",
    "image_tags": [
      "grounded",
      "dramatic",
      "environment",
      "playful",
      "witty",
      "satirical",
      "wide",
      "establishing",
      "mood"
    ]
  },
  {
    "slide_number": 3,
    "slide_title": "Synopsis",
    "image_query": "grounded dramatic environment playful witty satirical pressure story_world",
    "image_tags": [
      "grounded",
      "dramatic",
      "environment",
      "playful",
      "witty",
      "satirical",
      "pressure",
      "story_world"
    ]
  }
]
✅ Full slide plan generated
✅ Slide count: 12
🖼️ Using POSTER for 'Court Jester': /home/madbrad/app/D_AI_FULL_SITE/app/visuals/user_uploaded/poster/beat_1.png
TITLE POSTER PATH: /home/madbrad/app/D_AI_FULL_SITE/app/visuals/user_uploaded/poster/beat_1.png
🖼️ Using USER image fallback for 'Logline': /home/madbrad/app/D_AI_FULL_SITE/app/visuals/user_uploaded/current/beat_2.png
🖼️ Using USER image fallback for 'Synopsis': /home/madbrad/app/D_AI_FULL_SITE/app/visuals/user_uploaded/current/beat_3.png
🖼️ Using USER image fallback for 'Protagonist': /home/madbrad/app/D_AI_FULL_SITE/app/visuals/user_uploaded/current/beat_2.png
🖼️ Using USER image fallback for 'World': /home/madbrad/app/D_AI_FULL_SITE/app/visuals/user_uploaded/current/beat_3.png
🖼️ Using USER image fallback for 'Hook': /home/madbrad/app/D_AI_FULL_SITE/app/visuals/user_uploaded/current/beat_2.png
🖼️ Using USER image fallback for 'Conflict': /home/madbrad/app/D_AI_FULL_SITE/app/visuals/user_uploaded/current/beat_3.png
🖼️ Using USER image fallback for 'Stakes': /home/madbrad/app/D_AI_FULL_SITE/app/visuals/user_uploaded/current/beat_2.png
🖼️ Using USER image fallback for 'Tone': /home/madbrad/app/D_AI_FULL_SITE/app/visuals/user_uploaded/current/beat_3.png
🖼️ Using USER image fallback for 'Story Engine': /home/madbrad/app/D_AI_FULL_SITE/app/visuals/user_uploaded/current/beat_2.png
🖼️ Using USER image fallback for 'Reversal': /home/madbrad/app/D_AI_FULL_SITE/app/visuals/user_uploaded/current/beat_3.png
🖼️ Using USER image fallback for 'Why This Movie': /home/madbrad/app/D_AI_FULL_SITE/app/visuals/user_uploaded/current/beat_2.png
✅ Pitch deck created: /home/madbrad/app/D_AI_FULL_SITE/app/output/pitch_deck_v1.pptx
✅ PDF created: /home/madbrad/app/D_AI_FULL_SITE/app/output/pitch_deck_v1.pdf
🚀 Starting full pipeline
📄 Script input: /home/madbrad/app/D_AI_FULL_SITE/app/uploads/Court_Jester_script_master.txt
📁 Working directory: /home/madbrad/app/D_AI_FULL_SITE/app

========================================
python3 "/home/madbrad/app/D_AI_FULL_SITE/app/input_handler_v1.py" "/home/madbrad/app/D_AI_FULL_SITE/app/uploads/Court_Jester_script_master.txt"

========================================
python3 /home/madbrad/app/D_AI_FULL_SITE/app/single_brain_orchestrator_v3.py /home/madbrad/app/D_AI_FULL_SITE/app/input.txt

========================================
python3 /home/madbrad/app/D_AI_FULL_SITE/app/layout_engine.py /home/madbrad/app/D_AI_FULL_SITE/app/approved_brain_output.json

========================================
python3 /home/madbrad/app/D_AI_FULL_SITE/app/deck_builder.py /home/madbrad/app/D_AI_FULL_SITE/app/slide_plan.json
📄 Found PPTX: /home/madbrad/app/D_AI_FULL_SITE/app/output/pitch_deck_v1.pptx

========================================
python3 /home/madbrad/app/D_AI_FULL_SITE/app/pptx_to_pdf.py /home/madbrad/app/D_AI_FULL_SITE/app/output/pitch_deck_v1.pptx

🎉 Pipeline complete
